Arguments: 
  D:\Program Files\nodejs\node.exe C:\Users\XJY\AppData\Roaming\npm\node_modules\yarn\bin\yarn.js add babel-cli

PATH: 
  C:\Users\XJY\AppData\Local\Programs\Python\Python37-32\Scripts\;C:\Users\XJY\AppData\Local\Programs\Python\Python37-32\;C:\ProgramData\Oracle\Java\javapath;E:\Python36\Scripts\;E:\Python36\;E:\Program Files (x86)\Python37-32\Scripts\;E:\Program Files (x86)\Python37-32\;C:\Program Files (x86)\Intel\iCLS Client\;C:\Program Files\Intel\iCLS Client\;C:\Windows\system32;C:\Windows;C:\Windows\System32\Wbem;C:\Windows\System32\WindowsPowerShell\v1.0\;C:\Program Files (x86)\Intel\Intel(R) Management Engine Components\DAL;C:\Program Files\Intel\Intel(R) Management Engine Components\DAL;C:\Program Files (x86)\Intel\Intel(R) Management Engine Components\IPT;C:\Program Files\Intel\Intel(R) Management Engine Components\IPT;C:\Program Files (x86)\NVIDIA Corporation\PhysX\Common;C:\Windows\system32;C:\Windows;C:\Windows\System32\Wbem;C:\Windows\System32\WindowsPowerShell\v1.0\;C:\Windows\System32\OpenSSH\;E:\Java\jdk1.8.0_172\bin;E:\Rational Rose 2007\common;E:\Microsoft SQL Server\共享功能目录(S)\120\DTS\Binn\;E:\Mi;rosoft SQL Server\共享功能目录(S)\Client SDK\ODBC\110\Tools\Binn\;E:\Mi;rosoft SQL Server\共享功能目录(x86)(X)\120\Tools\Binn\;E:\Mi;rosoft SQL Server\共享功能目录(S)\120\Tools\Binn\;E:\Mi;rosoft SQL Server\共享功能目录(x86)(X)\120\Tools\Binn\ManagementStudio\;E:\Mi;rosoft SQL Server\共享功能目录(x86)(X)\120\DTS\Binn\;C:\Pr;gram Files (x86)\MySQL\MySQL Fabric 1.5 & MySQL Utilities 1.5\;C:\Program Files (x86)\MySQL\MySQL Fabric 1.5 & MySQL Utilities 1.5\Doctrine extensions for PHP\;D:\Program Files\nodejs\;D:\Program Files\Git\cmd;C:\Users\XJY\AppData\Local\Yarn\bin;E:\Program Files (x86)\Python37-32\Scripts;C:\Users\XJY\AppData\Local\Microsoft\WindowsApps;D:\Users\XJY\AppData\Local\Programs\Microsoft VS Code\bin;C:\Users\XJY\AppData\Roaming\npm;C:\Users\XJY\AppData\Local\Yarn\bin;D:\Program Files (x86)\anaconda\Scripts;

Yarn version: 
  1.16.0

Node version: 
  10.16.0

Platform: 
  win32 x64

Trace: 
  SyntaxError: F:\workspace\clone\qt_lesson\Js\es7-decorate\package.json: Unexpected end of JSON input
      at JSON.parse (<anonymous>)
      at C:\Users\XJY\AppData\Roaming\npm\node_modules\yarn\lib\cli.js:1625:59
      at Generator.next (<anonymous>)
      at step (C:\Users\XJY\AppData\Roaming\npm\node_modules\yarn\lib\cli.js:304:30)
      at C:\Users\XJY\AppData\Roaming\npm\node_modules\yarn\lib\cli.js:315:13

npm manifest: 
  

yarn manifest: 
  No manifest

Lockfile: 
  No lockfile
